<?xml version="1.0" encoding="UTF-8"?>
<!-- Generated by org.testng.reporters.JUnitReportReporter -->
<testsuite hostname="KIR-LAPTOP" name="com.lufthansa.tests.HomepageTest" tests="1" failures="0" timestamp="25 Aug 2017 06:07:10 GMT" time="140.827" errors="0">
  <testcase name="bookTicket" time="140.827" classname="com.lufthansa.tests.HomepageTest"/>
</testsuite> <!-- com.lufthansa.tests.HomepageTest -->
