<?xml version="1.0" encoding="UTF-8"?>
<!-- Generated by org.testng.reporters.JUnitReportReporter -->
<testsuite hostname="KIR-LAPTOP" name="com.lufthansa.tests.HomepageTest" tests="1" failures="0" timestamp="24 Aug 2017 21:28:03 GMT" time="154.645" errors="0">
  <testcase name="bookTicket" time="154.645" classname="com.lufthansa.tests.HomepageTest"/>
</testsuite> <!-- com.lufthansa.tests.HomepageTest -->
